<?xml version="1.0" encoding="UTF-8"?>
<testsuite xmlns:xsi="http://www.w3.org/2001/XMLSchema-instance" xsi:noNamespaceSchemaLocation="https://maven.apache.org/surefire/maven-surefire-plugin/xsd/surefire-test-report.xsd" version="3.0.2" name="TestSuite" time="2.683" tests="1" errors="0" skipped="0" failures="0">
  <properties>
    <property name="java.specification.version" value="17"/>
    <property name="sun.cpu.isalist" value="amd64"/>
    <property name="sun.jnu.encoding" value="Cp1252"/>
    <property name="java.class.path" value="F:\practicegit\demo\restfulllog\target\test-classes;F:\practicegit\demo\restfulllog\target\classes;C:\Users\manoj\.m2\repository\junit\junit\4.11\junit-4.11.jar;C:\Users\manoj\.m2\repository\org\hamcrest\hamcrest-core\1.3\hamcrest-core-1.3.jar;C:\Users\manoj\.m2\repository\org\testng\testng\7.10.2\testng-7.10.2.jar;C:\Users\manoj\.m2\repository\org\slf4j\slf4j-api\1.7.36\slf4j-api-1.7.36.jar;C:\Users\manoj\.m2\repository\com\beust\jcommander\1.82\jcommander-1.82.jar;C:\Users\manoj\.m2\repository\org\webjars\jquery\3.7.1\jquery-3.7.1.jar;C:\Users\manoj\.m2\repository\io\cucumber\cucumber-testng\7.15.0\cucumber-testng-7.15.0.jar;C:\Users\manoj\.m2\repository\org\apiguardian\apiguardian-api\1.1.2\apiguardian-api-1.1.2.jar;C:\Users\manoj\.m2\repository\io\cucumber\cucumber-core\7.15.0\cucumber-core-7.15.0.jar;C:\Users\manoj\.m2\repository\io\cucumber\cucumber-gherkin\7.15.0\cucumber-gherkin-7.15.0.jar;C:\Users\manoj\.m2\repository\io\cucumber\cucumber-gherkin-messages\7.15.0\cucumber-gherkin-messages-7.15.0.jar;C:\Users\manoj\.m2\repository\io\cucumber\gherkin\26.2.0\gherkin-26.2.0.jar;C:\Users\manoj\.m2\repository\io\cucumber\messages\22.0.0\messages-22.0.0.jar;C:\Users\manoj\.m2\repository\io\cucumber\tag-expressions\6.0.0\tag-expressions-6.0.0.jar;C:\Users\manoj\.m2\repository\io\cucumber\cucumber-expressions\17.0.1\cucumber-expressions-17.0.1.jar;C:\Users\manoj\.m2\repository\io\cucumber\datatable\7.15.0\datatable-7.15.0.jar;C:\Users\manoj\.m2\repository\io\cucumber\cucumber-plugin\7.15.0\cucumber-plugin-7.15.0.jar;C:\Users\manoj\.m2\repository\io\cucumber\docstring\7.15.0\docstring-7.15.0.jar;C:\Users\manoj\.m2\repository\io\cucumber\html-formatter\20.4.0\html-formatter-20.4.0.jar;C:\Users\manoj\.m2\repository\io\cucumber\junit-xml-formatter\0.2.0\junit-xml-formatter-0.2.0.jar;C:\Users\manoj\.m2\repository\io\cucumber\ci-environment\10.0.0\ci-environment-10.0.0.jar;C:\Users\manoj\.m2\repository\io\cucumber\cucumber-java\7.15.0\cucumber-java-7.15.0.jar;C:\Users\manoj\.m2\repository\org\apache\logging\log4j\log4j-core\2.23.1\log4j-core-2.23.1.jar;C:\Users\manoj\.m2\repository\org\apache\logging\log4j\log4j-api\2.23.1\log4j-api-2.23.1.jar;C:\Users\manoj\.m2\repository\com\fasterxml\jackson\core\jackson-databind\2.17.2\jackson-databind-2.17.2.jar;C:\Users\manoj\.m2\repository\com\fasterxml\jackson\core\jackson-annotations\2.17.2\jackson-annotations-2.17.2.jar;C:\Users\manoj\.m2\repository\com\fasterxml\jackson\core\jackson-core\2.17.2\jackson-core-2.17.2.jar;C:\Users\manoj\.m2\repository\io\rest-assured\rest-assured\5.5.0\rest-assured-5.5.0.jar;C:\Users\manoj\.m2\repository\org\apache\groovy\groovy\4.0.22\groovy-4.0.22.jar;C:\Users\manoj\.m2\repository\org\apache\groovy\groovy-xml\4.0.22\groovy-xml-4.0.22.jar;C:\Users\manoj\.m2\repository\org\apache\httpcomponents\httpclient\4.5.13\httpclient-4.5.13.jar;C:\Users\manoj\.m2\repository\org\apache\httpcomponents\httpcore\4.4.13\httpcore-4.4.13.jar;C:\Users\manoj\.m2\repository\commons-logging\commons-logging\1.2\commons-logging-1.2.jar;C:\Users\manoj\.m2\repository\commons-codec\commons-codec\1.11\commons-codec-1.11.jar;C:\Users\manoj\.m2\repository\org\apache\httpcomponents\httpmime\4.5.13\httpmime-4.5.13.jar;C:\Users\manoj\.m2\repository\org\hamcrest\hamcrest\2.2\hamcrest-2.2.jar;C:\Users\manoj\.m2\repository\org\ccil\cowan\tagsoup\tagsoup\1.2.1\tagsoup-1.2.1.jar;C:\Users\manoj\.m2\repository\io\rest-assured\json-path\5.5.0\json-path-5.5.0.jar;C:\Users\manoj\.m2\repository\org\apache\groovy\groovy-json\4.0.22\groovy-json-4.0.22.jar;C:\Users\manoj\.m2\repository\io\rest-assured\rest-assured-common\5.5.0\rest-assured-common-5.5.0.jar;C:\Users\manoj\.m2\repository\io\rest-assured\xml-path\5.5.0\xml-path-5.5.0.jar;C:\Users\manoj\.m2\repository\org\apache\commons\commons-lang3\3.11\commons-lang3-3.11.jar;C:\Users\manoj\.m2\repository\org\seleniumhq\selenium\selenium-java\4.23.0\selenium-java-4.23.0.jar;C:\Users\manoj\.m2\repository\org\seleniumhq\selenium\selenium-api\4.23.0\selenium-api-4.23.0.jar;C:\Users\manoj\.m2\repository\org\seleniumhq\selenium\selenium-chrome-driver\4.23.0\selenium-chrome-driver-4.23.0.jar;C:\Users\manoj\.m2\repository\com\google\auto\service\auto-service-annotations\1.1.1\auto-service-annotations-1.1.1.jar;C:\Users\manoj\.m2\repository\org\seleniumhq\selenium\selenium-chromium-driver\4.23.0\selenium-chromium-driver-4.23.0.jar;C:\Users\manoj\.m2\repository\org\seleniumhq\selenium\selenium-json\4.23.0\selenium-json-4.23.0.jar;C:\Users\manoj\.m2\repository\org\seleniumhq\selenium\selenium-manager\4.23.0\selenium-manager-4.23.0.jar;C:\Users\manoj\.m2\repository\org\seleniumhq\selenium\selenium-devtools-v125\4.23.0\selenium-devtools-v125-4.23.0.jar;C:\Users\manoj\.m2\repository\org\seleniumhq\selenium\selenium-devtools-v126\4.23.0\selenium-devtools-v126-4.23.0.jar;C:\Users\manoj\.m2\repository\org\seleniumhq\selenium\selenium-devtools-v127\4.23.0\selenium-devtools-v127-4.23.0.jar;C:\Users\manoj\.m2\repository\org\seleniumhq\selenium\selenium-devtools-v85\4.23.0\selenium-devtools-v85-4.23.0.jar;C:\Users\manoj\.m2\repository\org\seleniumhq\selenium\selenium-edge-driver\4.23.0\selenium-edge-driver-4.23.0.jar;C:\Users\manoj\.m2\repository\org\seleniumhq\selenium\selenium-firefox-driver\4.23.0\selenium-firefox-driver-4.23.0.jar;C:\Users\manoj\.m2\repository\org\seleniumhq\selenium\selenium-http\4.23.0\selenium-http-4.23.0.jar;C:\Users\manoj\.m2\repository\dev\failsafe\failsafe\3.3.2\failsafe-3.3.2.jar;C:\Users\manoj\.m2\repository\org\seleniumhq\selenium\selenium-ie-driver\4.23.0\selenium-ie-driver-4.23.0.jar;C:\Users\manoj\.m2\repository\org\seleniumhq\selenium\selenium-remote-driver\4.23.0\selenium-remote-driver-4.23.0.jar;C:\Users\manoj\.m2\repository\com\google\guava\guava\33.2.1-jre\guava-33.2.1-jre.jar;C:\Users\manoj\.m2\repository\com\google\guava\failureaccess\1.0.2\failureaccess-1.0.2.jar;C:\Users\manoj\.m2\repository\com\google\guava\listenablefuture\9999.0-empty-to-avoid-conflict-with-guava\listenablefuture-9999.0-empty-to-avoid-conflict-with-guava.jar;C:\Users\manoj\.m2\repository\com\google\code\findbugs\jsr305\3.0.2\jsr305-3.0.2.jar;C:\Users\manoj\.m2\repository\org\checkerframework\checker-qual\3.42.0\checker-qual-3.42.0.jar;C:\Users\manoj\.m2\repository\com\google\errorprone\error_prone_annotations\2.26.1\error_prone_annotations-2.26.1.jar;C:\Users\manoj\.m2\repository\com\google\j2objc\j2objc-annotations\3.0.0\j2objc-annotations-3.0.0.jar;C:\Users\manoj\.m2\repository\io\opentelemetry\semconv\opentelemetry-semconv\1.25.0-alpha\opentelemetry-semconv-1.25.0-alpha.jar;C:\Users\manoj\.m2\repository\io\opentelemetry\opentelemetry-api\1.40.0\opentelemetry-api-1.40.0.jar;C:\Users\manoj\.m2\repository\io\opentelemetry\opentelemetry-context\1.40.0\opentelemetry-context-1.40.0.jar;C:\Users\manoj\.m2\repository\io\opentelemetry\opentelemetry-exporter-logging\1.40.0\opentelemetry-exporter-logging-1.40.0.jar;C:\Users\manoj\.m2\repository\io\opentelemetry\opentelemetry-sdk-common\1.40.0\opentelemetry-sdk-common-1.40.0.jar;C:\Users\manoj\.m2\repository\io\opentelemetry\opentelemetry-sdk-extension-autoconfigure-spi\1.40.0\opentelemetry-sdk-extension-autoconfigure-spi-1.40.0.jar;C:\Users\manoj\.m2\repository\io\opentelemetry\opentelemetry-sdk-extension-autoconfigure\1.40.0\opentelemetry-sdk-extension-autoconfigure-1.40.0.jar;C:\Users\manoj\.m2\repository\io\opentelemetry\opentelemetry-api-incubator\1.40.0-alpha\opentelemetry-api-incubator-1.40.0-alpha.jar;C:\Users\manoj\.m2\repository\io\opentelemetry\opentelemetry-sdk-trace\1.40.0\opentelemetry-sdk-trace-1.40.0.jar;C:\Users\manoj\.m2\repository\io\opentelemetry\opentelemetry-sdk\1.40.0\opentelemetry-sdk-1.40.0.jar;C:\Users\manoj\.m2\repository\io\opentelemetry\opentelemetry-sdk-metrics\1.40.0\opentelemetry-sdk-metrics-1.40.0.jar;C:\Users\manoj\.m2\repository\io\opentelemetry\opentelemetry-sdk-logs\1.40.0\opentelemetry-sdk-logs-1.40.0.jar;C:\Users\manoj\.m2\repository\net\bytebuddy\byte-buddy\1.14.18\byte-buddy-1.14.18.jar;C:\Users\manoj\.m2\repository\org\seleniumhq\selenium\selenium-os\4.23.0\selenium-os-4.23.0.jar;C:\Users\manoj\.m2\repository\org\apache\commons\commons-exec\1.4.0\commons-exec-1.4.0.jar;C:\Users\manoj\.m2\repository\org\seleniumhq\selenium\selenium-safari-driver\4.23.0\selenium-safari-driver-4.23.0.jar;C:\Users\manoj\.m2\repository\org\seleniumhq\selenium\selenium-support\4.23.0\selenium-support-4.23.0.jar;"/>
    <property name="java.vm.vendor" value="Oracle Corporation"/>
    <property name="sun.arch.data.model" value="64"/>
    <property name="user.variant" value=""/>
    <property name="java.vendor.url" value="https://java.oracle.com/"/>
    <property name="user.timezone" value="Asia/Calcutta"/>
    <property name="os.name" value="Windows 11"/>
    <property name="java.vm.specification.version" value="17"/>
    <property name="sun.java.launcher" value="SUN_STANDARD"/>
    <property name="user.country" value="IN"/>
    <property name="sun.boot.library.path" value="C:\Program Files\Java\jdk-17\bin"/>
    <property name="sun.java.command" value="C:\Users\manoj\AppData\Local\Temp\surefire6309420415617407942\surefirebooter-20240826120927065_3.jar C:\Users\manoj\AppData\Local\Temp\surefire6309420415617407942 2024-08-26T12-09-26_887-jvmRun1 surefire-20240826120927065_1tmp surefire_0-20240826120927065_2tmp"/>
    <property name="jdk.debug" value="release"/>
    <property name="surefire.test.class.path" value="F:\practicegit\demo\restfulllog\target\test-classes;F:\practicegit\demo\restfulllog\target\classes;C:\Users\manoj\.m2\repository\junit\junit\4.11\junit-4.11.jar;C:\Users\manoj\.m2\repository\org\hamcrest\hamcrest-core\1.3\hamcrest-core-1.3.jar;C:\Users\manoj\.m2\repository\org\testng\testng\7.10.2\testng-7.10.2.jar;C:\Users\manoj\.m2\repository\org\slf4j\slf4j-api\1.7.36\slf4j-api-1.7.36.jar;C:\Users\manoj\.m2\repository\com\beust\jcommander\1.82\jcommander-1.82.jar;C:\Users\manoj\.m2\repository\org\webjars\jquery\3.7.1\jquery-3.7.1.jar;C:\Users\manoj\.m2\repository\io\cucumber\cucumber-testng\7.15.0\cucumber-testng-7.15.0.jar;C:\Users\manoj\.m2\repository\org\apiguardian\apiguardian-api\1.1.2\apiguardian-api-1.1.2.jar;C:\Users\manoj\.m2\repository\io\cucumber\cucumber-core\7.15.0\cucumber-core-7.15.0.jar;C:\Users\manoj\.m2\repository\io\cucumber\cucumber-gherkin\7.15.0\cucumber-gherkin-7.15.0.jar;C:\Users\manoj\.m2\repository\io\cucumber\cucumber-gherkin-messages\7.15.0\cucumber-gherkin-messages-7.15.0.jar;C:\Users\manoj\.m2\repository\io\cucumber\gherkin\26.2.0\gherkin-26.2.0.jar;C:\Users\manoj\.m2\repository\io\cucumber\messages\22.0.0\messages-22.0.0.jar;C:\Users\manoj\.m2\repository\io\cucumber\tag-expressions\6.0.0\tag-expressions-6.0.0.jar;C:\Users\manoj\.m2\repository\io\cucumber\cucumber-expressions\17.0.1\cucumber-expressions-17.0.1.jar;C:\Users\manoj\.m2\repository\io\cucumber\datatable\7.15.0\datatable-7.15.0.jar;C:\Users\manoj\.m2\repository\io\cucumber\cucumber-plugin\7.15.0\cucumber-plugin-7.15.0.jar;C:\Users\manoj\.m2\repository\io\cucumber\docstring\7.15.0\docstring-7.15.0.jar;C:\Users\manoj\.m2\repository\io\cucumber\html-formatter\20.4.0\html-formatter-20.4.0.jar;C:\Users\manoj\.m2\repository\io\cucumber\junit-xml-formatter\0.2.0\junit-xml-formatter-0.2.0.jar;C:\Users\manoj\.m2\repository\io\cucumber\ci-environment\10.0.0\ci-environment-10.0.0.jar;C:\Users\manoj\.m2\repository\io\cucumber\cucumber-java\7.15.0\cucumber-java-7.15.0.jar;C:\Users\manoj\.m2\repository\org\apache\logging\log4j\log4j-core\2.23.1\log4j-core-2.23.1.jar;C:\Users\manoj\.m2\repository\org\apache\logging\log4j\log4j-api\2.23.1\log4j-api-2.23.1.jar;C:\Users\manoj\.m2\repository\com\fasterxml\jackson\core\jackson-databind\2.17.2\jackson-databind-2.17.2.jar;C:\Users\manoj\.m2\repository\com\fasterxml\jackson\core\jackson-annotations\2.17.2\jackson-annotations-2.17.2.jar;C:\Users\manoj\.m2\repository\com\fasterxml\jackson\core\jackson-core\2.17.2\jackson-core-2.17.2.jar;C:\Users\manoj\.m2\repository\io\rest-assured\rest-assured\5.5.0\rest-assured-5.5.0.jar;C:\Users\manoj\.m2\repository\org\apache\groovy\groovy\4.0.22\groovy-4.0.22.jar;C:\Users\manoj\.m2\repository\org\apache\groovy\groovy-xml\4.0.22\groovy-xml-4.0.22.jar;C:\Users\manoj\.m2\repository\org\apache\httpcomponents\httpclient\4.5.13\httpclient-4.5.13.jar;C:\Users\manoj\.m2\repository\org\apache\httpcomponents\httpcore\4.4.13\httpcore-4.4.13.jar;C:\Users\manoj\.m2\repository\commons-logging\commons-logging\1.2\commons-logging-1.2.jar;C:\Users\manoj\.m2\repository\commons-codec\commons-codec\1.11\commons-codec-1.11.jar;C:\Users\manoj\.m2\repository\org\apache\httpcomponents\httpmime\4.5.13\httpmime-4.5.13.jar;C:\Users\manoj\.m2\repository\org\hamcrest\hamcrest\2.2\hamcrest-2.2.jar;C:\Users\manoj\.m2\repository\org\ccil\cowan\tagsoup\tagsoup\1.2.1\tagsoup-1.2.1.jar;C:\Users\manoj\.m2\repository\io\rest-assured\json-path\5.5.0\json-path-5.5.0.jar;C:\Users\manoj\.m2\repository\org\apache\groovy\groovy-json\4.0.22\groovy-json-4.0.22.jar;C:\Users\manoj\.m2\repository\io\rest-assured\rest-assured-common\5.5.0\rest-assured-common-5.5.0.jar;C:\Users\manoj\.m2\repository\io\rest-assured\xml-path\5.5.0\xml-path-5.5.0.jar;C:\Users\manoj\.m2\repository\org\apache\commons\commons-lang3\3.11\commons-lang3-3.11.jar;C:\Users\manoj\.m2\repository\org\seleniumhq\selenium\selenium-java\4.23.0\selenium-java-4.23.0.jar;C:\Users\manoj\.m2\repository\org\seleniumhq\selenium\selenium-api\4.23.0\selenium-api-4.23.0.jar;C:\Users\manoj\.m2\repository\org\seleniumhq\selenium\selenium-chrome-driver\4.23.0\selenium-chrome-driver-4.23.0.jar;C:\Users\manoj\.m2\repository\com\google\auto\service\auto-service-annotations\1.1.1\auto-service-annotations-1.1.1.jar;C:\Users\manoj\.m2\repository\org\seleniumhq\selenium\selenium-chromium-driver\4.23.0\selenium-chromium-driver-4.23.0.jar;C:\Users\manoj\.m2\repository\org\seleniumhq\selenium\selenium-json\4.23.0\selenium-json-4.23.0.jar;C:\Users\manoj\.m2\repository\org\seleniumhq\selenium\selenium-manager\4.23.0\selenium-manager-4.23.0.jar;C:\Users\manoj\.m2\repository\org\seleniumhq\selenium\selenium-devtools-v125\4.23.0\selenium-devtools-v125-4.23.0.jar;C:\Users\manoj\.m2\repository\org\seleniumhq\selenium\selenium-devtools-v126\4.23.0\selenium-devtools-v126-4.23.0.jar;C:\Users\manoj\.m2\repository\org\seleniumhq\selenium\selenium-devtools-v127\4.23.0\selenium-devtools-v127-4.23.0.jar;C:\Users\manoj\.m2\repository\org\seleniumhq\selenium\selenium-devtools-v85\4.23.0\selenium-devtools-v85-4.23.0.jar;C:\Users\manoj\.m2\repository\org\seleniumhq\selenium\selenium-edge-driver\4.23.0\selenium-edge-driver-4.23.0.jar;C:\Users\manoj\.m2\repository\org\seleniumhq\selenium\selenium-firefox-driver\4.23.0\selenium-firefox-driver-4.23.0.jar;C:\Users\manoj\.m2\repository\org\seleniumhq\selenium\selenium-http\4.23.0\selenium-http-4.23.0.jar;C:\Users\manoj\.m2\repository\dev\failsafe\failsafe\3.3.2\failsafe-3.3.2.jar;C:\Users\manoj\.m2\repository\org\seleniumhq\selenium\selenium-ie-driver\4.23.0\selenium-ie-driver-4.23.0.jar;C:\Users\manoj\.m2\repository\org\seleniumhq\selenium\selenium-remote-driver\4.23.0\selenium-remote-driver-4.23.0.jar;C:\Users\manoj\.m2\repository\com\google\guava\guava\33.2.1-jre\guava-33.2.1-jre.jar;C:\Users\manoj\.m2\repository\com\google\guava\failureaccess\1.0.2\failureaccess-1.0.2.jar;C:\Users\manoj\.m2\repository\com\google\guava\listenablefuture\9999.0-empty-to-avoid-conflict-with-guava\listenablefuture-9999.0-empty-to-avoid-conflict-with-guava.jar;C:\Users\manoj\.m2\repository\com\google\code\findbugs\jsr305\3.0.2\jsr305-3.0.2.jar;C:\Users\manoj\.m2\repository\org\checkerframework\checker-qual\3.42.0\checker-qual-3.42.0.jar;C:\Users\manoj\.m2\repository\com\google\errorprone\error_prone_annotations\2.26.1\error_prone_annotations-2.26.1.jar;C:\Users\manoj\.m2\repository\com\google\j2objc\j2objc-annotations\3.0.0\j2objc-annotations-3.0.0.jar;C:\Users\manoj\.m2\repository\io\opentelemetry\semconv\opentelemetry-semconv\1.25.0-alpha\opentelemetry-semconv-1.25.0-alpha.jar;C:\Users\manoj\.m2\repository\io\opentelemetry\opentelemetry-api\1.40.0\opentelemetry-api-1.40.0.jar;C:\Users\manoj\.m2\repository\io\opentelemetry\opentelemetry-context\1.40.0\opentelemetry-context-1.40.0.jar;C:\Users\manoj\.m2\repository\io\opentelemetry\opentelemetry-exporter-logging\1.40.0\opentelemetry-exporter-logging-1.40.0.jar;C:\Users\manoj\.m2\repository\io\opentelemetry\opentelemetry-sdk-common\1.40.0\opentelemetry-sdk-common-1.40.0.jar;C:\Users\manoj\.m2\repository\io\opentelemetry\opentelemetry-sdk-extension-autoconfigure-spi\1.40.0\opentelemetry-sdk-extension-autoconfigure-spi-1.40.0.jar;C:\Users\manoj\.m2\repository\io\opentelemetry\opentelemetry-sdk-extension-autoconfigure\1.40.0\opentelemetry-sdk-extension-autoconfigure-1.40.0.jar;C:\Users\manoj\.m2\repository\io\opentelemetry\opentelemetry-api-incubator\1.40.0-alpha\opentelemetry-api-incubator-1.40.0-alpha.jar;C:\Users\manoj\.m2\repository\io\opentelemetry\opentelemetry-sdk-trace\1.40.0\opentelemetry-sdk-trace-1.40.0.jar;C:\Users\manoj\.m2\repository\io\opentelemetry\opentelemetry-sdk\1.40.0\opentelemetry-sdk-1.40.0.jar;C:\Users\manoj\.m2\repository\io\opentelemetry\opentelemetry-sdk-metrics\1.40.0\opentelemetry-sdk-metrics-1.40.0.jar;C:\Users\manoj\.m2\repository\io\opentelemetry\opentelemetry-sdk-logs\1.40.0\opentelemetry-sdk-logs-1.40.0.jar;C:\Users\manoj\.m2\repository\net\bytebuddy\byte-buddy\1.14.18\byte-buddy-1.14.18.jar;C:\Users\manoj\.m2\repository\org\seleniumhq\selenium\selenium-os\4.23.0\selenium-os-4.23.0.jar;C:\Users\manoj\.m2\repository\org\apache\commons\commons-exec\1.4.0\commons-exec-1.4.0.jar;C:\Users\manoj\.m2\repository\org\seleniumhq\selenium\selenium-safari-driver\4.23.0\selenium-safari-driver-4.23.0.jar;C:\Users\manoj\.m2\repository\org\seleniumhq\selenium\selenium-support\4.23.0\selenium-support-4.23.0.jar;"/>
    <property name="sun.cpu.endian" value="little"/>
    <property name="user.home" value="C:\Users\manoj"/>
    <property name="user.language" value="en"/>
    <property name="java.specification.vendor" value="Oracle Corporation"/>
    <property name="java.version.date" value="2024-04-16"/>
    <property name="java.home" value="C:\Program Files\Java\jdk-17"/>
    <property name="file.separator" value="\"/>
    <property name="style.color" value="always"/>
    <property name="basedir" value="F:\practicegit\demo\restfulllog"/>
    <property name="java.vm.compressedOopsMode" value="32-bit"/>
    <property name="line.separator" value="&#10;"/>
    <property name="java.vm.specification.vendor" value="Oracle Corporation"/>
    <property name="java.specification.name" value="Java Platform API Specification"/>
    <property name="surefire.real.class.path" value="C:\Users\manoj\AppData\Local\Temp\surefire6309420415617407942\surefirebooter-20240826120927065_3.jar"/>
    <property name="user.script" value=""/>
    <property name="sun.management.compiler" value="HotSpot 64-Bit Tiered Compilers"/>
    <property name="java.runtime.version" value="17.0.11+7-LTS-207"/>
    <property name="user.name" value="manoj"/>
    <property name="path.separator" value=";"/>
    <property name="os.version" value="10.0"/>
    <property name="java.runtime.name" value="Java(TM) SE Runtime Environment"/>
    <property name="file.encoding" value="Cp1252"/>
    <property name="java.vm.name" value="Java HotSpot(TM) 64-Bit Server VM"/>
    <property name="localRepository" value="C:\Users\manoj\.m2\repository"/>
    <property name="java.vendor.url.bug" value="https://bugreport.java.com/bugreport/"/>
    <property name="java.io.tmpdir" value="C:\Users\manoj\AppData\Local\Temp\"/>
    <property name="java.version" value="17.0.11"/>
    <property name="user.dir" value="F:\practicegit\demo\restfulllog"/>
    <property name="os.arch" value="amd64"/>
    <property name="java.vm.specification.name" value="Java Virtual Machine Specification"/>
    <property name="sun.os.patch.level" value=""/>
    <property name="native.encoding" value="Cp1252"/>
    <property name="java.library.path" value="C:\Program Files\Java\jdk-17\bin;C:\WINDOWS\Sun\Java\bin;C:\WINDOWS\system32;C:\WINDOWS;C:\Program Files\Common Files\Oracle\Java\javapath;C:\WINDOWS\system32;C:\WINDOWS;C:\WINDOWS\System32\Wbem;C:\WINDOWS\System32\WindowsPowerShell\v1.0\;C:\WINDOWS\System32\OpenSSH\;C:\Program Files\HP\HP One Agent;E:\BUILDTOOL\apache-maven-3.9.6\bin;C:\Program Files\Java\jdk-17\bin;C:\Users\manoj\AppData\Local\Android\Sdk\platform-tools;E:\SERVER\apache-tomcat-10.1.24\bin;C:\Program Files\MySQL\MySQL Shell 8.0\bin\;C:\Users\manoj\AppData\Local\Microsoft\WindowsApps;;."/>
    <property name="java.vm.info" value="mixed mode, sharing"/>
    <property name="java.vendor" value="Oracle Corporation"/>
    <property name="java.vm.version" value="17.0.11+7-LTS-207"/>
    <property name="sun.io.unicode.encoding" value="UnicodeLittle"/>
    <property name="java.class.version" value="61.0"/>
  </properties>
  <testcase name="runScenario[&quot;check get functionalities&quot;, &quot;verify restassured using pojo&quot;](1)" classname="company.restfulllog.glue.glue" time="1.676">
    <system-out><![CDATA[
Scenario Outline: check get functionalities                                &amp#27;[90m# src/test/resources/features/restcheck.feature:43&amp#27;[0m
[INFO ] 2024-08-26 12:09:28.830 [main] rest_Api - the method I_enter_the_baseuri starts here
[INFO ] 2024-08-26 12:09:29.122 [main] rest_Api - the method I_enter_the_baseuri ends here
  &amp#27;[32mGiven &amp#27;[0m&amp#27;[32mI enter the &amp#27;[0m&amp#27;[32m&amp#27;[1mhttp://localhost:8082/sgtest-employee/api/v1/employees&amp#27;[0m &amp#27;[90m# company.restfulllog.step.stepdefinition.I_enter_the_baseuri(java.lang.String)&amp#27;[0m
[INFO ] 2024-08-26 12:09:29.124 [main] rest_Api - execution of I_assing_resquest_specification method starts here 
[INFO ] 2024-08-26 12:09:29.244 [main] rest_Api - execution of I_assing_resquest_specification method ends here 
  &amp#27;[32mAnd &amp#27;[0m&amp#27;[32mI assing resquest specification&amp#27;[0m                                      &amp#27;[90m# company.restfulllog.step.stepdefinition.I_assing_resquest_specification()&amp#27;[0m
[INFO ] 2024-08-26 12:09:29.245 [main] rest_Api - execution of I_enter_header method starts here 
[INFO ] 2024-08-26 12:09:29.295 [main] rest_Api - execution of I_enter_header method ends here 
  &amp#27;[32mAnd &amp#27;[0m&amp#27;[32mI enter header&amp#27;[0m                                                       &amp#27;[90m# company.restfulllog.step.stepdefinition.I_enter_header()&amp#27;[0m
[INFO ] 2024-08-26 12:09:29.295 [main] rest_Api - execution of I_enter_enteries method starts here 
[INFO ] 2024-08-26 12:09:29.406 [main] rest_Api - execution of I_enter_enteries method ends here 
  &amp#27;[32mAnd &amp#27;[0m&amp#27;[32mI enter enteries&amp#27;[0m                                                     &amp#27;[90m# company.restfulllog.step.stepdefinition.I_enter_enteries()&amp#27;[0m
[INFO ] 2024-08-26 12:09:29.409 [main] rest_Api - execution of I_take_response method starts here 
[ERROR] 2024-08-26 12:09:30.005 [main] rest_Api - there is an error in I_take_response method
[INFO ] 2024-08-26 12:09:30.006 [main] rest_Api - execution of I_take_response method ends here 
  &amp#27;[32mAnd &amp#27;[0m&amp#27;[32mI take response&amp#27;[0m                                                      &amp#27;[90m# company.restfulllog.step.stepdefinition.I_take_response()&amp#27;[0m
[INFO ] 2024-08-26 12:09:30.007 [main] rest_Api - execution of I print response method starts here 
[ERROR] 2024-08-26 12:09:30.007 [main] rest_Api - there is an error in I print response method
[INFO ] 2024-08-26 12:09:30.008 [main] rest_Api - execution of I print response method ends here 
  &amp#27;[32mAnd &amp#27;[0m&amp#27;[32mI print response&amp#27;[0m                                                     &amp#27;[90m# company.restfulllog.step.stepdefinition.I_print_response()&amp#27;[0m
[INFO ] 2024-08-26 12:09:30.009 [main] rest_Api - the method I_take_id_from_table starts here
[ERROR] 2024-08-26 12:09:30.009 [main] rest_Api - the method I_take_id_from_table has an error
[INFO ] 2024-08-26 12:09:30.009 [main] rest_Api - the method I_take_id_from_table starts here
  &amp#27;[32mAnd &amp#27;[0m&amp#27;[32mI take id from table&amp#27;[0m                                                 &amp#27;[90m# company.restfulllog.step.stepdefinition.I_take_id_from_table()&amp#27;[0m
[INFO ] 2024-08-26 12:09:30.010 [main] rest_Api - execution of I print response method starts here 
[INFO ] 2024-08-26 12:09:30.011 [main] rest_Api - execution of I print response method ends here 
  &amp#27;[32mAnd &amp#27;[0m&amp#27;[32mI take get geturi&amp#27;[0m                                                    &amp#27;[90m# company.restfulllog.step.stepdefinition.I_take_get_geturi()&amp#27;[0m
[INFO ] 2024-08-26 12:09:30.015 [main] rest_Api - execution of I_assing_resquest_specification method starts here 
[INFO ] 2024-08-26 12:09:30.015 [main] rest_Api - execution of I_assing_resquest_specification method ends here 
  &amp#27;[32mAnd &amp#27;[0m&amp#27;[32mI assing resquest specification&amp#27;[0m                                      &amp#27;[90m# company.restfulllog.step.stepdefinition.I_assing_resquest_specification()&amp#27;[0m
[INFO ] 2024-08-26 12:09:30.016 [main] rest_Api - execution of I_enter_header method starts here 
[INFO ] 2024-08-26 12:09:30.018 [main] rest_Api - execution of I_enter_header method ends here 
  &amp#27;[32mAnd &amp#27;[0m&amp#27;[32mI enter header&amp#27;[0m                                                       &amp#27;[90m# company.restfulllog.step.stepdefinition.I_enter_header()&amp#27;[0m
[INFO ] 2024-08-26 12:09:30.019 [main] rest_Api - execution of I_take_get_response starts here 
[ERROR] 2024-08-26 12:09:30.041 [main] rest_Api - there is an error in I_take_get_response method
[INFO ] 2024-08-26 12:09:30.041 [main] rest_Api - execution of I_take_get_response ends here 
  &amp#27;[32mAnd &amp#27;[0m&amp#27;[32mI take get response&amp#27;[0m                                                  &amp#27;[90m# company.restfulllog.step.stepdefinition.I_take_get_response()&amp#27;[0m
[INFO ] 2024-08-26 12:09:30.042 [main] rest_Api - execution of I print response method starts here 
[ERROR] 2024-08-26 12:09:30.042 [main] rest_Api - there is an error in I print response method
[INFO ] 2024-08-26 12:09:30.042 [main] rest_Api - execution of I print response method ends here 
  &amp#27;[32mAnd &amp#27;[0m&amp#27;[32mI print response&amp#27;[0m                                                     &amp#27;[90m# company.restfulllog.step.stepdefinition.I_print_response()&amp#27;[0m
[INFO ] 2024-08-26 12:09:30.042 [main] rest_Api - execution of I_take_get_response starts here 
[INFO ] 2024-08-26 12:09:30.042 [main] rest_Api - execution of I_take_get_response ends here 
  &amp#27;[32mAnd &amp#27;[0m&amp#27;[32mI take put uri&amp#27;[0m                                                       &amp#27;[90m# company.restfulllog.step.stepdefinition.I_take_put_uri()&amp#27;[0m
[INFO ] 2024-08-26 12:09:30.043 [main] rest_Api - execution of I_assing_resquest_specification method starts here 
[INFO ] 2024-08-26 12:09:30.043 [main] rest_Api - execution of I_assing_resquest_specification method ends here 
  &amp#27;[32mAnd &amp#27;[0m&amp#27;[32mI assing resquest specification&amp#27;[0m                                      &amp#27;[90m# company.restfulllog.step.stepdefinition.I_assing_resquest_specification()&amp#27;[0m
[INFO ] 2024-08-26 12:09:30.044 [main] rest_Api - execution of I_enter_header method starts here 
[INFO ] 2024-08-26 12:09:30.044 [main] rest_Api - execution of I_enter_header method ends here 
  &amp#27;[32mAnd &amp#27;[0m&amp#27;[32mI enter header&amp#27;[0m                                                       &amp#27;[90m# company.restfulllog.step.stepdefinition.I_enter_header()&amp#27;[0m
[INFO ] 2024-08-26 12:09:30.045 [main] rest_Api - execution of I_enter_put_enteries method starts here 
[INFO ] 2024-08-26 12:09:30.046 [main] rest_Api - execution of I_enter_enteries method ends here 
  &amp#27;[32mAnd &amp#27;[0m&amp#27;[32mI enter put enteries&amp#27;[0m                                                 &amp#27;[90m# company.restfulllog.step.stepdefinition.I_enter_put_enteries()&amp#27;[0m
[INFO ] 2024-08-26 12:09:30.048 [main] rest_Api - execution of I_take_response method starts here 
[ERROR] 2024-08-26 12:09:30.061 [main] rest_Api - there is an error in I_take_response method
[INFO ] 2024-08-26 12:09:30.062 [main] rest_Api - execution of I_take_response method ends here 
  &amp#27;[32mAnd &amp#27;[0m&amp#27;[32mI take put response&amp#27;[0m                                                  &amp#27;[90m# company.restfulllog.step.stepdefinition.I_take_put_response()&amp#27;[0m
[INFO ] 2024-08-26 12:09:30.062 [main] rest_Api - execution of I print response method starts here 
[ERROR] 2024-08-26 12:09:30.063 [main] rest_Api - there is an error in I print response method
[INFO ] 2024-08-26 12:09:30.063 [main] rest_Api - execution of I print response method ends here 
  &amp#27;[32mAnd &amp#27;[0m&amp#27;[32mI print response&amp#27;[0m                                                     &amp#27;[90m# company.restfulllog.step.stepdefinition.I_print_response()&amp#27;[0m
[INFO ] 2024-08-26 12:09:30.063 [main] rest_Api - execution of I print response method starts here 
[INFO ] 2024-08-26 12:09:30.064 [main] rest_Api - execution of I print response method ends here 
  &amp#27;[32mAnd &amp#27;[0m&amp#27;[32mI take delete uri&amp#27;[0m                                                    &amp#27;[90m# company.restfulllog.step.stepdefinition.I_take_delete_uri()&amp#27;[0m
[INFO ] 2024-08-26 12:09:30.064 [main] rest_Api - execution of I_assing_resquest_specification method starts here 
[INFO ] 2024-08-26 12:09:30.064 [main] rest_Api - execution of I_assing_resquest_specification method ends here 
  &amp#27;[32mAnd &amp#27;[0m&amp#27;[32mI assing resquest specification&amp#27;[0m                                      &amp#27;[90m# company.restfulllog.step.stepdefinition.I_assing_resquest_specification()&amp#27;[0m
[INFO ] 2024-08-26 12:09:30.065 [main] rest_Api - execution of I_enter_header method starts here 
[INFO ] 2024-08-26 12:09:30.065 [main] rest_Api - execution of I_enter_header method ends here 
  &amp#27;[32mAnd &amp#27;[0m&amp#27;[32mI enter header&amp#27;[0m                                                       &amp#27;[90m# company.restfulllog.step.stepdefinition.I_enter_header()&amp#27;[0m
[INFO ] 2024-08-26 12:09:30.066 [main] rest_Api - execution of I_take_response method starts here 
[ERROR] 2024-08-26 12:09:30.080 [main] rest_Api - there is an error in I_take_response method
[INFO ] 2024-08-26 12:09:30.080 [main] rest_Api - execution of I_take_response method ends here 
  &amp#27;[32mAnd &amp#27;[0m&amp#27;[32mI take delete response&amp#27;[0m                                               &amp#27;[90m# company.restfulllog.step.stepdefinition.I_take_delete_response()&amp#27;[0m
[INFO ] 2024-08-26 12:09:30.081 [main] rest_Api - execution of I print response method starts here 
[ERROR] 2024-08-26 12:09:30.081 [main] rest_Api - there is an error in I print response method
[INFO ] 2024-08-26 12:09:30.081 [main] rest_Api - execution of I print response method ends here 
  &amp#27;[32mAnd &amp#27;[0m&amp#27;[32mI print response&amp#27;[0m                                                     &amp#27;[90m# company.restfulllog.step.stepdefinition.I_print_response()&amp#27;[0m
]]></system-out>
    <system-err><![CDATA[SLF4J: Failed to load class "org.slf4j.impl.StaticLoggerBinder".
SLF4J: Defaulting to no-operation (NOP) logger implementation
SLF4J: See http://www.slf4j.org/codes.html#StaticLoggerBinder for further details.
]]></system-err>
  </testcase>
</testsuite>