<?xml version="1.0" encoding="UTF-8"?>
<!-- Generated by org.testng.reporters.JUnitReportReporter -->
<testsuite hostname="Manoj" failures="0" tests="1" name="company.restfulllog.glue.glue" time="1.672" errors="0" timestamp="2024-08-26T12:09:30 IST" skipped="0">
  <testcase classname="company.restfulllog.glue.glue" name="runScenario" time="1.672"/>
</testsuite> <!-- company.restfulllog.glue.glue -->
